<?xml version="1.0" encoding="UTF-8" standalone="no"?>
<Gen>
  <Nodes>
    <node>
      <id>23</id>
      <type>43e7c6df-4b29-4aac-9d42-b191a06ecf65</type>
      <enableDataSending>true</enableDataSending>
      <enableDataPassThrough>false</enableDataPassThrough>
      <payload>30</payload>
      <interval>900</interval>
      <xCoord>50.0</xCoord>
      <yCoord>1150.0</yCoord>
      <lat>44.597312</lat>
      <long>-112.038514</long>
      <name>polymeter_13</name>
      <endPoints>
        <endPoint>55</endPoint>
      </endPoints>
    </node>
    <node>
      <id>8</id>
      <type>89ca2726-ecba-490a-affc-2e826a638c9f</type>
      <enableDataSending>true</enableDataSending>
      <enableDataPassThrough>false</enableDataPassThrough>
      <payload>30</payload>
      <interval>3600</interval>
      <xCoord>50.0</xCoord>
      <yCoord>400.0</yCoord>
      <lat>43.297312</lat>
      <long>-112.038514</long>
      <name>resmeter_3</name>
      <endPoints>
        <endPoint>55</endPoint>
      </endPoints>
    </node>
    <node>
      <id>17</id>
      <type>89ca2726-ecba-490a-affc-2e826a638c9f</type>
      <enableDataSending>true</enableDataSending>
      <enableDataPassThrough>false</enableDataPassThrough>
      <payload>30</payload>
      <interval>3600</interval>
      <xCoord>50.0</xCoord>
      <yCoord>850.0</yCoord>
      <lat>43.597312</lat>
      <long>-112.038514</long>
      <name>resmeter_7</name>
      <endPoints>
        <endPoint>55</endPoint>
      </endPoints>
    </node>
    <node>
      <id>15</id>
      <type>89ca2726-ecba-490a-affc-2e826a638c9f</type>
      <enableDataSending>true</enableDataSending>
      <enableDataPassThrough>false</enableDataPassThrough>
      <payload>30</payload>
      <interval>3600</interval>
      <xCoord>50.0</xCoord>
      <yCoord>750.0</yCoord>
      <lat>43.997312</lat>
      <long>-112.038514</long>
      <name>resmeter_5</name>
      <endPoints>
        <endPoint>55</endPoint>
      </endPoints>
    </node>
    <node>
      <id>55</id>
      <type>669026c8-dadb-4b97-af3c-d048798d3ed5</type>
      <enableDataSending>false</enableDataSending>
      <enableDataPassThrough>true</enableDataPassThrough>
      <payload>0</payload>
      <interval>0</interval>
      <xCoord>1200.0</xCoord>
      <yCoord>500.0</yCoord>
      <lat>44.697312</lat>
      <long>-115.038514</long>
      <name>headend_0</name>
      <endPoints/>
    </node>
  </Nodes>
  <Edges>
    <edge id="12" source="55" target="23">
      <capacity>0.3</capacity>
    </edge>
    <edge id="36" source="55" target="8">
      <capacity>0.3</capacity>
    </edge>
    <edge id="19" source="55" target="17">
      <capacity>0.3</capacity>
    </edge>
    <edge id="7" source="55" target="15">
      <capacity>0.3</capacity>
    </edge>
  </Edges>
</Gen>
