<?xml version="1.0" encoding="UTF-8" standalone="no"?>
<Gen>
	<Nodes>
		<node>
			<id>25</id>
			<type>89ca2726-ecba-490a-affc-2e826a638c9f</type>
			<enableDataSending>true</enableDataSending>
			<enableDataPassThrough>false</enableDataPassThrough>
			<isAggregate>false</isAggregate>
			<isCollapsed>false</isCollapsed>			<isCollapsed>false</isCollapsed>
			<payload>30000</payload>
			<maxLatency>3600</maxLatency>
			<xCoord>552.0</xCoord>
			<yCoord>1463.0</yCoord>
			<lat>50.3454604086048</lat>
			<long>-105.46875</long>
			<name>resmeter_10</name>
			<endPoints>
				<endPoint>56</endPoint>
			</endPoints>
		</node>
		<node>
			<id>53</id>
			<type>43e7c6df-4b29-4aac-9d42-b191a06ecf65</type>
			<enableDataSending>true</enableDataSending>
			<enableDataPassThrough>true</enableDataPassThrough>
			<isAggregate>false</isAggregate>
			<isCollapsed>false</isCollapsed>
			<isCollapsed>false</isCollapsed>
			<payload>0</payload>
			<maxLatency>0</maxLatency>
			<xCoord>1202.0</xCoord>
			<yCoord>813.0</yCoord>
			<lat>38.06539235133249</lat>
			<long>-106.962890625</long>
			<name>dc_3</name>
			<endPoints/>
		</node>
		<node>
			<id>31</id>
			<type>4576de98-9fa1-4bc6-90d3-32edb265551f</type>
			<enableDataSending>true</enableDataSending>
			<enableDataPassThrough>false</enableDataPassThrough>
			<isAggregate>false</isAggregate>
			<isCollapsed>false</isCollapsed>
			<payload>30700</payload>
			<maxLatency>900</maxLatency>
			<xCoord>552.0</xCoord>
			<yCoord>1763.0</yCoord>
			<lat>38.16911413556086</lat>
			<long>-109.951171875</long>
			<name>polymeter_16</name>
			<endPoints>
				<endPoint>56</endPoint>
			</endPoints>
		</node>
		<node>
			<id>7</id>
			<type>89ca2726-ecba-490a-affc-2e826a638c9f</type>
			<enableDataSending>true</enableDataSending>
			<enableDataPassThrough>false</enableDataPassThrough>
			<isAggregate>false</isAggregate>
			<isCollapsed>false</isCollapsed>
			<payload>30000</payload>
			<maxLatency>3600</maxLatency>
			<xCoord>552.0</xCoord>
			<yCoord>563.0</yCoord>
			<lat>42.80346172417078</lat>
			<long>-112.247314453125</long>
			<name>resmeter_2</name>
			<endPoints>
				<endPoint>56</endPoint>
			</endPoints>
		</node>
		<node>
			<id>29</id>
			<type>89ca2726-ecba-490a-affc-2e826a638c9f</type>
			<enableDataSending>true</enableDataSending>
			<enableDataPassThrough>false</enableDataPassThrough>
			<isAggregate>false</isAggregate>
			<isCollapsed>false</isCollapsed>
			<payload>30000</payload>
			<maxLatency>3600</maxLatency>
			<xCoord>552.0</xCoord>
			<yCoord>1663.0</yCoord>
			<lat>51.79502722582914</lat>
			<long>-104.08447265625</long>
			<name>resmeter_14</name>
			<endPoints>
				<endPoint>56</endPoint>
			</endPoints>
		</node>
		<node>
			<id>30</id>
			<type>4576de98-9fa1-4bc6-90d3-32edb265551f</type>
			<enableDataSending>true</enableDataSending>
			<enableDataPassThrough>false</enableDataPassThrough>
			<isAggregate>false</isAggregate>
			<isCollapsed>false</isCollapsed>
			<payload>30700</payload>
			<maxLatency>900</maxLatency>
			<xCoord>552.0</xCoord>
			<yCoord>1713.0</yCoord>
			<lat>38.92522904714054</lat>
			<long>-109.951171875</long>
			<name>polymeter_15</name>
			<endPoints>
				<endPoint>56</endPoint>
			</endPoints>
		</node>
		<node>
			<id>12</id>
			<type>4576de98-9fa1-4bc6-90d3-32edb265551f</type>
			<enableDataSending>true</enableDataSending>
			<enableDataPassThrough>false</enableDataPassThrough>
			<isAggregate>false</isAggregate>
			<isCollapsed>false</isCollapsed>
			<payload>30700</payload>
			<maxLatency>900</maxLatency>
			<xCoord>552.0</xCoord>
			<yCoord>813.0</yCoord>
			<lat>45.460130637921004</lat>
			<long>-113.0712890625</long>
			<name>polymeter_7</name>
			<endPoints>
				<endPoint>56</endPoint>
			</endPoints>
		</node>
		<node>
			<id>43</id>
			<type>4576de98-9fa1-4bc6-90d3-32edb265551f</type>
			<enableDataSending>true</enableDataSending>
			<enableDataPassThrough>false</enableDataPassThrough>
			<isAggregate>false</isAggregate>
			<isCollapsed>false</isCollapsed>
			<payload>30700</payload>
			<maxLatency>900</maxLatency>
			<xCoord>552.0</xCoord>
			<yCoord>2363.0</yCoord>
			<lat>49.59647007089266</lat>
			<long>-113.3349609375</long>
			<name>polymeter_23</name>
			<endPoints>
				<endPoint>56</endPoint>
			</endPoints>
		</node>
		<node>
			<id>38</id>
			<type>89ca2726-ecba-490a-affc-2e826a638c9f</type>
			<enableDataSending>true</enableDataSending>
			<enableDataPassThrough>false</enableDataPassThrough>
			<isAggregate>false</isAggregate>
			<isCollapsed>false</isCollapsed>
			<payload>30000</payload>
			<maxLatency>3600</maxLatency>
			<xCoord>552.0</xCoord>
			<yCoord>2113.0</yCoord>
			<lat>39.57182223734374</lat>
			<long>-109.6875</long>
			<name>resmeter_18</name>
			<endPoints>
				<endPoint>56</endPoint>
			</endPoints>
		</node>
		<node>
			<id>14</id>
			<type>4576de98-9fa1-4bc6-90d3-32edb265551f</type>
			<enableDataSending>true</enableDataSending>
			<enableDataPassThrough>false</enableDataPassThrough>
			<isAggregate>false</isAggregate>
			<isCollapsed>false</isCollapsed>
			<payload>30700</payload>
			<maxLatency>900</maxLatency>
			<xCoord>552.0</xCoord>
			<yCoord>913.0</yCoord>
			<lat>45.920587344733654</lat>
			<long>-113.22509765625</long>
			<name>polymeter_9</name>
			<endPoints>
				<endPoint>56</endPoint>
			</endPoints>
		</node>
		<node>
			<id>9</id>
			<type>89ca2726-ecba-490a-affc-2e826a638c9f</type>
			<enableDataSending>true</enableDataSending>
			<enableDataPassThrough>false</enableDataPassThrough>
			<isAggregate>false</isAggregate>
			<isCollapsed>false</isCollapsed>
			<payload>30000</payload>
			<maxLatency>3600</maxLatency>
			<xCoord>552.0</xCoord>
			<yCoord>663.0</yCoord>
			<lat>42.049292638686836</lat>
			<long>-111.90673828125</long>
			<name>resmeter_4</name>
			<endPoints>
				<endPoint>56</endPoint>
			</endPoints>
		</node>
		<node>
			<id>0</id>
			<type>4576de98-9fa1-4bc6-90d3-32edb265551f</type>
			<enableDataSending>true</enableDataSending>
			<enableDataPassThrough>false</enableDataPassThrough>
			<isAggregate>false</isAggregate>
			<isCollapsed>false</isCollapsed>
			<payload>30700</payload>
			<maxLatency>900</maxLatency>
			<xCoord>643.0</xCoord>
			<yCoord>241.0</yCoord>
			<lat>43.34914966389312</lat>
			<long>-112.642822265625</long>
			<name>polymeter_0</name>
			<endPoints>
				<endPoint>56</endPoint>
			</endPoints>
		</node>
		<node>
			<id>5</id>
			<type>89ca2726-ecba-490a-affc-2e826a638c9f</type>
			<enableDataSending>true</enableDataSending>
			<enableDataPassThrough>false</enableDataPassThrough>
			<isAggregate>false</isAggregate>
			<isCollapsed>false</isCollapsed>
			<payload>30000</payload>
			<maxLatency>3600</maxLatency>
			<xCoord>552.0</xCoord>
			<yCoord>463.0</yCoord>
			<lat>42.47209690919285</lat>
			<long>-112.236328125</long>
			<name>resmeter_0</name>
			<endPoints>
				<endPoint>56</endPoint>
			</endPoints>
		</node>
		<node>
			<id>48</id>
			<type>89ca2726-ecba-490a-affc-2e826a638c9f</type>
			<enableDataSending>true</enableDataSending>
			<enableDataPassThrough>false</enableDataPassThrough>
			<isAggregate>false</isAggregate>
			<isCollapsed>false</isCollapsed>
			<payload>30000</payload>
			<maxLatency>3600</maxLatency>
			<xCoord>552.0</xCoord>
			<yCoord>2613.0</yCoord>
			<lat>48.90805939965007</lat>
			<long>-113.22509765625</long>
			<name>resmeter_23</name>
			<endPoints>
				<endPoint>56</endPoint>
			</endPoints>
		</node>
		<node>
			<id>3</id>
			<type>4576de98-9fa1-4bc6-90d3-32edb265551f</type>
			<enableDataSending>true</enableDataSending>
			<enableDataPassThrough>false</enableDataPassThrough>
			<isAggregate>false</isAggregate>
			<isCollapsed>false</isCollapsed>
			<payload>30700</payload>
			<maxLatency>900</maxLatency>
			<xCoord>552.0</xCoord>
			<yCoord>363.0</yCoord>
			<lat>43.739352079154706</lat>
			<long>-112.247314453125</long>
			<name>polymeter_3</name>
			<endPoints>
				<endPoint>56</endPoint>
			</endPoints>
		</node>
		<node>
			<id>41</id>
			<type>4576de98-9fa1-4bc6-90d3-32edb265551f</type>
			<enableDataSending>true</enableDataSending>
			<enableDataPassThrough>false</enableDataPassThrough>
			<isAggregate>false</isAggregate>
			<isCollapsed>false</isCollapsed>
			<payload>30700</payload>
			<maxLatency>900</maxLatency>
			<xCoord>552.0</xCoord>
			<yCoord>2263.0</yCoord>
			<lat>47.84265762816538</lat>
			<long>-111.90673828125</long>
			<name>polymeter_21</name>
			<endPoints>
				<endPoint>56</endPoint>
			</endPoints>
		</node>
		<node>
			<id>18</id>
			<type>89ca2726-ecba-490a-affc-2e826a638c9f</type>
			<enableDataSending>true</enableDataSending>
			<enableDataPassThrough>false</enableDataPassThrough>
			<isAggregate>false</isAggregate>
			<isCollapsed>false</isCollapsed>
			<payload>30000</payload>
			<maxLatency>3600</maxLatency>
			<xCoord>552.0</xCoord>
			<yCoord>1113.0</yCoord>
			<lat>46.7549166192819</lat>
			<long>-112.32421875</long>
			<name>resmeter_8</name>
			<endPoints>
				<endPoint>56</endPoint>
			</endPoints>
		</node>
		<node>
			<id>42</id>
			<type>4576de98-9fa1-4bc6-90d3-32edb265551f</type>
			<enableDataSending>true</enableDataSending>
			<enableDataPassThrough>false</enableDataPassThrough>
			<isAggregate>false</isAggregate>
			<isCollapsed>false</isCollapsed>
			<payload>30700</payload>
			<maxLatency>900</maxLatency>
			<xCoord>552.0</xCoord>
			<yCoord>2313.0</yCoord>
			<lat>47.989921667414194</lat>
			<long>-112.8515625</long>
			<name>polymeter_22</name>
			<endPoints>
				<endPoint>56</endPoint>
			</endPoints>
		</node>
		<node>
			<id>39</id>
			<type>89ca2726-ecba-490a-affc-2e826a638c9f</type>
			<enableDataSending>true</enableDataSending>
			<enableDataPassThrough>false</enableDataPassThrough>
			<isAggregate>false</isAggregate>
			<isCollapsed>false</isCollapsed>
			<payload>30000</payload>
			<maxLatency>3600</maxLatency>
			<xCoord>552.0</xCoord>
			<yCoord>2163.0</yCoord>
			<lat>35.96022296929667</lat>
			<long>-108.45703125</long>
			<name>resmeter_19</name>
			<endPoints>
				<endPoint>56</endPoint>
			</endPoints>
		</node>
		<node>
			<id>54</id>
			<type>43e7c6df-4b29-4aac-9d42-b191a06ecf65</type>
			<enableDataSending>true</enableDataSending>
			<enableDataPassThrough>true</enableDataPassThrough>
			<isAggregate>false</isAggregate>
			<isCollapsed>false</isCollapsed>
			<payload>0</payload>
			<maxLatency>0</maxLatency>
			<xCoord>1202.0</xCoord>
			<yCoord>913.0</yCoord>
			<lat>49.023461463214126</lat>
			<long>-111.533203125</long>
			<name>dc_4</name>
			<endPoints/>
		</node>
		<node>
			<id>23</id>
			<type>4576de98-9fa1-4bc6-90d3-32edb265551f</type>
			<enableDataSending>true</enableDataSending>
			<enableDataPassThrough>false</enableDataPassThrough>
			<isAggregate>false</isAggregate>
			<isCollapsed>false</isCollapsed>
			<payload>30700</payload>
			<maxLatency>900</maxLatency>
			<xCoord>552.0</xCoord>
			<yCoord>1363.0</yCoord>
			<lat>51.45400691005982</lat>
			<long>-101.7333984375</long>
			<name>polymeter_13</name>
			<endPoints>
				<endPoint>56</endPoint>
			</endPoints>
		</node>
		<node>
			<id>37</id>
			<type>89ca2726-ecba-490a-affc-2e826a638c9f</type>
			<enableDataSending>true</enableDataSending>
			<enableDataPassThrough>false</enableDataPassThrough>
			<isAggregate>false</isAggregate>
			<isCollapsed>false</isCollapsed>
			<payload>30000</payload>
			<maxLatency>3600</maxLatency>
			<xCoord>552.0</xCoord>
			<yCoord>2063.0</yCoord>
			<lat>37.405073750176925</lat>
			<long>-109.775390625</long>
			<name>resmeter_17</name>
			<endPoints>
				<endPoint>56</endPoint>
			</endPoints>
		</node>
		<node>
			<id>49</id>
			<type>89ca2726-ecba-490a-affc-2e826a638c9f</type>
			<enableDataSending>true</enableDataSending>
			<enableDataPassThrough>false</enableDataPassThrough>
			<isAggregate>false</isAggregate>
			<isCollapsed>false</isCollapsed>
			<payload>30000</payload>
			<maxLatency>3600</maxLatency>
			<xCoord>552.0</xCoord>
			<yCoord>2663.0</yCoord>
			<lat>48.45835188280866</lat>
			<long>-113.0712890625</long>
			<name>resmeter_24</name>
			<endPoints>
				<endPoint>56</endPoint>
			</endPoints>
		</node>
		<node>
			<id>17</id>
			<type>89ca2726-ecba-490a-affc-2e826a638c9f</type>
			<enableDataSending>true</enableDataSending>
			<enableDataPassThrough>false</enableDataPassThrough>
			<isAggregate>false</isAggregate>
			<isCollapsed>false</isCollapsed>
			<payload>30000</payload>
			<maxLatency>3600</maxLatency>
			<xCoord>552.0</xCoord>
			<yCoord>1063.0</yCoord>
			<lat>44.59046718130883</lat>
			<long>-112.587890625</long>
			<name>resmeter_7</name>
			<endPoints>
				<endPoint>56</endPoint>
			</endPoints>
		</node>
		<node>
			<id>36</id>
			<type>c96e8687-67bf-4acd-9821-689c457a337e</type>
			<enableDataSending>true</enableDataSending>
			<enableDataPassThrough>false</enableDataPassThrough>
			<isAggregate>false</isAggregate>
			<isCollapsed>false</isCollapsed>
			<payload>30000</payload>
			<maxLatency>3600</maxLatency>
			<xCoord>552.0</xCoord>
			<yCoord>2013.0</yCoord>
			<lat>35.99578538642032</lat>
			<long>-107.05078125</long>
			<name>resmeter_16</name>
			<endPoints>
				<endPoint>56</endPoint>
			</endPoints>
		</node>
		<node>
			<id>45</id>
			<type>89ca2726-ecba-490a-affc-2e826a638c9f</type>
			<enableDataSending>true</enableDataSending>
			<enableDataPassThrough>false</enableDataPassThrough>
			<isAggregate>false</isAggregate>
			<isCollapsed>false</isCollapsed>
			<payload>30000</payload>
			<maxLatency>3600</maxLatency>
			<xCoord>552.0</xCoord>
			<yCoord>2463.0</yCoord>
			<lat>50.035973672195496</lat>
			<long>-111.09375</long>
			<name>resmeter_20</name>
			<endPoints>
				<endPoint>56</endPoint>
			</endPoints>
		</node>
		<node>
			<id>4</id>
			<type>4576de98-9fa1-4bc6-90d3-32edb265551f</type>
			<enableDataSending>true</enableDataSending>
			<enableDataPassThrough>false</enableDataPassThrough>
			<isAggregate>false</isAggregate>
			<isCollapsed>false</isCollapsed>
			<payload>30700</payload>
			<maxLatency>900</maxLatency>
			<xCoord>552.0</xCoord>
			<yCoord>413.0</yCoord>
			<lat>42.35854391749706</lat>
			<long>-110.76416015625</long>
			<name>polymeter_4</name>
			<endPoints>
				<endPoint>56</endPoint>
			</endPoints>
		</node>
		<node>
			<id>56</id>
			<type>80441b19-7fba-470c-8e67-db6dc9b5c1a0</type>
			<enableDataSending>true</enableDataSending>
			<enableDataPassThrough>false</enableDataPassThrough>
			<isAggregate>false</isAggregate>
			<isCollapsed>false</isCollapsed>
			<payload>5</payload>
			<maxLatency>900</maxLatency>
			<xCoord>1902.0</xCoord>
			<yCoord>713.0</yCoord>
			<lat>44.99588261816546</lat>
			<long>-99.052734375</long>
			<name>mdms_0</name>
			<endPoints/>
		</node>
		<node>
			<id>51</id>
			<type>43e7c6df-4b29-4aac-9d42-b191a06ecf65</type>
			<enableDataSending>true</enableDataSending>
			<enableDataPassThrough>true</enableDataPassThrough>
			<isAggregate>false</isAggregate>
			<isCollapsed>false</isCollapsed>
			<payload>0</payload>
			<maxLatency>0</maxLatency>
			<xCoord>1202.0</xCoord>
			<yCoord>613.0</yCoord>
			<lat>45.058001435398296</lat>
			<long>-111.24755859375</long>
			<name>dc_1</name>
			<endPoints/>
		</node>
		<node>
			<id>19</id>
			<type>89ca2726-ecba-490a-affc-2e826a638c9f</type>
			<enableDataSending>true</enableDataSending>
			<enableDataPassThrough>false</enableDataPassThrough>
			<isAggregate>false</isAggregate>
			<isCollapsed>false</isCollapsed>
			<payload>30000</payload>
			<maxLatency>3600</maxLatency>
			<xCoord>552.0</xCoord>
			<yCoord>1163.0</yCoord>
			<lat>46.57396679652779</lat>
			<long>-111.77490234375</long>
			<name>resmeter_9</name>
			<endPoints>
				<endPoint>56</endPoint>
			</endPoints>
		</node>
		<node>
			<id>1</id>
			<type>4576de98-9fa1-4bc6-90d3-32edb265551f</type>
			<enableDataSending>true</enableDataSending>
			<enableDataPassThrough>false</enableDataPassThrough>
			<isAggregate>false</isAggregate>
			<isCollapsed>false</isCollapsed>
			<payload>30700</payload>
			<maxLatency>900</maxLatency>
			<xCoord>552.0</xCoord>
			<yCoord>263.0</yCoord>
			<lat>43.929549935614595</lat>
			<long>-111.62109375</long>
			<name>polymeter_1</name>
			<endPoints>
				<endPoint>56</endPoint>
			</endPoints>
		</node>
		<node>
			<id>33</id>
			<type>4576de98-9fa1-4bc6-90d3-32edb265551f</type>
			<enableDataSending>true</enableDataSending>
			<enableDataPassThrough>false</enableDataPassThrough>
			<isAggregate>false</isAggregate>
			<isCollapsed>false</isCollapsed>
			<payload>30700</payload>
			<maxLatency>900</maxLatency>
			<xCoord>552.0</xCoord>
			<yCoord>1863.0</yCoord>
			<lat>37.19533058280065</lat>
			<long>-104.94140625</long>
			<name>polymeter_18</name>
			<endPoints>
				<endPoint>56</endPoint>
			</endPoints>
		</node>
		<node>
			<id>46</id>
			<type>89ca2726-ecba-490a-affc-2e826a638c9f</type>
			<enableDataSending>true</enableDataSending>
			<enableDataPassThrough>false</enableDataPassThrough>
			<isAggregate>false</isAggregate>
			<isCollapsed>false</isCollapsed>
			<payload>30000</payload>
			<maxLatency>3600</maxLatency>
			<xCoord>552.0</xCoord>
			<yCoord>2513.0</yCoord>
			<lat>49.26780455063753</lat>
			<long>-113.5546875</long>
			<name>resmeter_21</name>
			<endPoints>
				<endPoint>56</endPoint>
			</endPoints>
		</node>
		<node>
			<id>55</id>
			<type>669026c8-dadb-4b97-af3c-d048798d3ed5</type>
			<enableDataSending>true</enableDataSending>
			<enableDataPassThrough>true</enableDataPassThrough>
			<isAggregate>false</isAggregate>
			<isCollapsed>false</isCollapsed>
			<payload>0</payload>
			<maxLatency>0</maxLatency>
			<xCoord>1702.0</xCoord>
			<yCoord>713.0</yCoord>
			<lat>44.94924926661154</lat>
			<long>-106.6552734375</long>
			<name>headend_0</name>
			<endPoints/>
		</node>
		<node>
			<id>16</id>
			<type>89ca2726-ecba-490a-affc-2e826a638c9f</type>
			<enableDataSending>true</enableDataSending>
			<enableDataPassThrough>false</enableDataPassThrough>
			<isAggregate>false</isAggregate>
			<isCollapsed>false</isCollapsed>
			<payload>30000</payload>
			<maxLatency>3600</maxLatency>
			<xCoord>552.0</xCoord>
			<yCoord>1013.0</yCoord>
			<lat>46.57396679652779</lat>
			<long>-112.87353515625</long>
			<name>resmeter_6</name>
			<endPoints>
				<endPoint>56</endPoint>
			</endPoints>
		</node>
		<node>
			<id>34</id>
			<type>4576de98-9fa1-4bc6-90d3-32edb265551f</type>
			<enableDataSending>true</enableDataSending>
			<enableDataPassThrough>false</enableDataPassThrough>
			<isAggregate>false</isAggregate>
			<isCollapsed>false</isCollapsed>
			<payload>30700</payload>
			<maxLatency>900</maxLatency>
			<xCoord>552.0</xCoord>
			<yCoord>1913.0</yCoord>
			<lat>38.51378825951165</lat>
			<long>-104.765625</long>
			<name>polymeter_19</name>
			<endPoints>
				<endPoint>56</endPoint>
			</endPoints>
		</node>
		<node>
			<id>20</id>
			<type>4576de98-9fa1-4bc6-90d3-32edb265551f</type>
			<enableDataSending>true</enableDataSending>
			<enableDataPassThrough>false</enableDataPassThrough>
			<isAggregate>false</isAggregate>
			<isCollapsed>false</isCollapsed>
			<payload>30700</payload>
			<maxLatency>900</maxLatency>
			<xCoord>552.0</xCoord>
			<yCoord>1213.0</yCoord>
			<lat>49.9370797569753</lat>
			<long>-105.380859375</long>
			<name>polymeter_10</name>
			<endPoints>
				<endPoint>56</endPoint>
			</endPoints>
		</node>
		<node>
			<id>47</id>
			<type>89ca2726-ecba-490a-affc-2e826a638c9f</type>
			<enableDataSending>true</enableDataSending>
			<enableDataPassThrough>false</enableDataPassThrough>
			<isAggregate>false</isAggregate>
			<isCollapsed>false</isCollapsed>
			<payload>30000</payload>
			<maxLatency>3600</maxLatency>
			<xCoord>552.0</xCoord>
			<yCoord>2563.0</yCoord>
			<lat>50.33143633083883</lat>
			<long>-112.65380859375</long>
			<name>resmeter_22</name>
			<endPoints>
				<endPoint>56</endPoint>
			</endPoints>
		</node>
		<node>
			<id>8</id>
			<type>89ca2726-ecba-490a-affc-2e826a638c9f</type>
			<enableDataSending>true</enableDataSending>
			<enableDataPassThrough>false</enableDataPassThrough>
			<isAggregate>false</isAggregate>
			<isCollapsed>false</isCollapsed>
			<payload>30000</payload>
			<maxLatency>3600</maxLatency>
			<xCoord>552.0</xCoord>
			<yCoord>613.0</yCoord>
			<lat>43.43696596521822</lat>
			<long>-112.269287109375</long>
			<name>resmeter_3</name>
			<endPoints>
				<endPoint>56</endPoint>
			</endPoints>
		</node>
		<node>
			<id>15</id>
			<type>89ca2726-ecba-490a-affc-2e826a638c9f</type>
			<enableDataSending>true</enableDataSending>
			<enableDataPassThrough>false</enableDataPassThrough>
			<isAggregate>false</isAggregate>
			<isCollapsed>false</isCollapsed>
			<payload>30000</payload>
			<maxLatency>3600</maxLatency>
			<xCoord>552.0</xCoord>
			<yCoord>963.0</yCoord>
			<lat>46.28622391806705</lat>
			<long>-113.02734375</long>
			<name>resmeter_5</name>
			<endPoints>
				<endPoint>56</endPoint>
			</endPoints>
		</node>
		<node>
			<id>28</id>
			<type>89ca2726-ecba-490a-affc-2e826a638c9f</type>
			<enableDataSending>true</enableDataSending>
			<enableDataPassThrough>false</enableDataPassThrough>
			<isAggregate>false</isAggregate>
			<isCollapsed>false</isCollapsed>
			<payload>30000</payload>
			<maxLatency>3600</maxLatency>
			<xCoord>552.0</xCoord>
			<yCoord>1613.0</yCoord>
			<lat>51.31688050404585</lat>
			<long>-104.94140625</long>
			<name>resmeter_13</name>
			<endPoints>
				<endPoint>56</endPoint>
			</endPoints>
		</node>
		<node>
			<id>35</id>
			<type>89ca2726-ecba-490a-affc-2e826a638c9f</type>
			<enableDataSending>true</enableDataSending>
			<enableDataPassThrough>false</enableDataPassThrough>
			<isAggregate>false</isAggregate>
			<isCollapsed>false</isCollapsed>
			<payload>30000</payload>
			<maxLatency>3600</maxLatency>
			<xCoord>552.0</xCoord>
			<yCoord>1963.0</yCoord>
			<lat>36.24427318493909</lat>
			<long>-105.8642578125</long>
			<name>resmeter_15</name>
			<endPoints>
				<endPoint>56</endPoint>
			</endPoints>
		</node>
		<node>
			<id>11</id>
			<type>4576de98-9fa1-4bc6-90d3-32edb265551f</type>
			<enableDataSending>true</enableDataSending>
			<enableDataPassThrough>false</enableDataPassThrough>
			<isAggregate>false</isAggregate>
			<isCollapsed>false</isCollapsed>
			<payload>30700</payload>
			<maxLatency>900</maxLatency>
			<xCoord>552.0</xCoord>
			<yCoord>763.0</yCoord>
			<lat>46.45299704748289</lat>
			<long>-110.89599609375</long>
			<name>polymeter_6</name>
			<endPoints>
				<endPoint>56</endPoint>
			</endPoints>
		</node>
		<node>
			<id>10</id>
			<type>4576de98-9fa1-4bc6-90d3-32edb265551f</type>
			<enableDataSending>true</enableDataSending>
			<enableDataPassThrough>false</enableDataPassThrough>
			<isAggregate>false</isAggregate>
			<isCollapsed>false</isCollapsed>
			<payload>30700</payload>
			<maxLatency>900</maxLatency>
			<xCoord>552.0</xCoord>
			<yCoord>713.0</yCoord>
			<lat>45.02695045318545</lat>
			<long>-112.8955078125</long>
			<name>polymeter_5</name>
			<endPoints>
				<endPoint>56</endPoint>
			</endPoints>
		</node>
		<node>
			<id>50</id>
			<type>43e7c6df-4b29-4aac-9d42-b191a06ecf65</type>
			<enableDataSending>true</enableDataSending>
			<enableDataPassThrough>true</enableDataPassThrough>
			<isAggregate>false</isAggregate>
			<isCollapsed>false</isCollapsed>
			<payload>0</payload>
			<maxLatency>0</maxLatency>
			<xCoord>1202.0</xCoord>
			<yCoord>513.0</yCoord>
			<lat>42.98857645832184</lat>
			<long>-111.42333984375</long>
			<name>dc_0</name>
			<endPoints/>
		</node>
		<node>
			<id>2</id>
			<type>4576de98-9fa1-4bc6-90d3-32edb265551f</type>
			<enableDataSending>true</enableDataSending>
			<enableDataPassThrough>false</enableDataPassThrough>
			<isAggregate>false</isAggregate>
			<isCollapsed>false</isCollapsed>
			<payload>30700</payload>
			<maxLatency>900</maxLatency>
			<xCoord>552.0</xCoord>
			<yCoord>313.0</yCoord>
			<lat>43.1090040242731</lat>
			<long>-112.247314453125</long>
			<name>polymeter_2</name>
			<endPoints>
				<endPoint>56</endPoint>
			</endPoints>
		</node>
		<node>
			<id>21</id>
			<type>4576de98-9fa1-4bc6-90d3-32edb265551f</type>
			<enableDataSending>true</enableDataSending>
			<enableDataPassThrough>false</enableDataPassThrough>
			<isAggregate>false</isAggregate>
			<isCollapsed>false</isCollapsed>
			<payload>30700</payload>
			<maxLatency>900</maxLatency>
			<xCoord>552.0</xCoord>
			<yCoord>1263.0</yCoord>
			<lat>51.590722643120145</lat>
			<long>-102.65625</long>
			<name>polymeter_11</name>
			<endPoints>
				<endPoint>56</endPoint>
			</endPoints>
		</node>
		<node>
			<id>6</id>
			<type>89ca2726-ecba-490a-affc-2e826a638c9f</type>
			<enableDataSending>true</enableDataSending>
			<enableDataPassThrough>false</enableDataPassThrough>
			<isAggregate>false</isAggregate>
			<isCollapsed>false</isCollapsed>
			<payload>30000</payload>
			<maxLatency>3600</maxLatency>
			<xCoord>552.0</xCoord>
			<yCoord>513.0</yCoord>
			<lat>41.80407814427234</lat>
			<long>-111.15966796875</long>
			<name>resmeter_1</name>
			<endPoints>
				<endPoint>56</endPoint>
			</endPoints>
		</node>
		<node>
			<id>52</id>
			<type>43e7c6df-4b29-4aac-9d42-b191a06ecf65</type>
			<enableDataSending>true</enableDataSending>
			<enableDataPassThrough>true</enableDataPassThrough>
			<isAggregate>false</isAggregate>
			<isCollapsed>false</isCollapsed>
			<payload>0</payload>
			<maxLatency>0</maxLatency>
			<xCoord>1202.0</xCoord>
			<yCoord>713.0</yCoord>
			<lat>50.680797145321655</lat>
			<long>-103.095703125</long>
			<name>dc_2</name>
			<endPoints/>
		</node>
		<node>
			<id>22</id>
			<type>4576de98-9fa1-4bc6-90d3-32edb265551f</type>
			<enableDataSending>true</enableDataSending>
			<enableDataPassThrough>false</enableDataPassThrough>
			<isAggregate>false</isAggregate>
			<isCollapsed>false</isCollapsed>
			<payload>30700</payload>
			<maxLatency>900</maxLatency>
			<xCoord>552.0</xCoord>
			<yCoord>1313.0</yCoord>
			<lat>51.91716758909014</lat>
			<long>-103.33740234375</long>
			<name>polymeter_12</name>
			<endPoints>
				<endPoint>56</endPoint>
			</endPoints>
		</node>
		<node>
			<id>40</id>
			<type>4576de98-9fa1-4bc6-90d3-32edb265551f</type>
			<enableDataSending>true</enableDataSending>
			<enableDataPassThrough>false</enableDataPassThrough>
			<isAggregate>false</isAggregate>
			<isCollapsed>false</isCollapsed>
			<payload>30700</payload>
			<maxLatency>900</maxLatency>
			<xCoord>552.0</xCoord>
			<yCoord>2213.0</yCoord>
			<lat>50.48547354578499</lat>
			<long>-111.796875</long>
			<name>polymeter_20</name>
			<endPoints>
				<endPoint>56</endPoint>
			</endPoints>
		</node>
		<node>
			<id>27</id>
			<type>89ca2726-ecba-490a-affc-2e826a638c9f</type>
			<enableDataSending>true</enableDataSending>
			<enableDataPassThrough>false</enableDataPassThrough>
			<isAggregate>false</isAggregate>
			<isCollapsed>false</isCollapsed>
			<payload>30000</payload>
			<maxLatency>3600</maxLatency>
			<xCoord>552.0</xCoord>
			<yCoord>1563.0</yCoord>
			<lat>50.708634400828224</lat>
			<long>-105.44677734375</long>
			<name>resmeter_12</name>
			<endPoints>
				<endPoint>56</endPoint>
			</endPoints>
		</node>
		<node>
			<id>32</id>
			<type>4576de98-9fa1-4bc6-90d3-32edb265551f</type>
			<enableDataSending>true</enableDataSending>
			<enableDataPassThrough>false</enableDataPassThrough>
			<isAggregate>false</isAggregate>
			<isCollapsed>false</isCollapsed>
			<payload>30700</payload>
			<maxLatency>900</maxLatency>
			<xCoord>552.0</xCoord>
			<yCoord>1813.0</yCoord>
			<lat>36.77409249464195</lat>
			<long>-109.072265625</long>
			<name>polymeter_17</name>
			<endPoints>
				<endPoint>56</endPoint>
			</endPoints>
		</node>
		<node>
			<id>13</id>
			<type>4576de98-9fa1-4bc6-90d3-32edb265551f</type>
			<enableDataSending>true</enableDataSending>
			<enableDataPassThrough>false</enableDataPassThrough>
			<isAggregate>false</isAggregate>
			<isCollapsed>false</isCollapsed>
			<payload>30700</payload>
			<maxLatency>900</maxLatency>
			<xCoord>552.0</xCoord>
			<yCoord>863.0</yCoord>
			<lat>46.90524554642921</lat>
			<long>-111.357421875</long>
			<name>polymeter_8</name>
			<endPoints>
				<endPoint>56</endPoint>
			</endPoints>
		</node>
		<node>
			<id>24</id>
			<type>4576de98-9fa1-4bc6-90d3-32edb265551f</type>
			<enableDataSending>true</enableDataSending>
			<enableDataPassThrough>false</enableDataPassThrough>
			<isAggregate>false</isAggregate>
			<isCollapsed>false</isCollapsed>
			<payload>30700</payload>
			<maxLatency>900</maxLatency>
			<xCoord>552.0</xCoord>
			<yCoord>1413.0</yCoord>
			<lat>51.6180165487737</lat>
			<long>-104.58984375</long>
			<name>polymeter_14</name>
			<endPoints>
				<endPoint>56</endPoint>
			</endPoints>
		</node>
		<node>
			<id>26</id>
			<type>89ca2726-ecba-490a-affc-2e826a638c9f</type>
			<enableDataSending>true</enableDataSending>
			<enableDataPassThrough>false</enableDataPassThrough>
			<isAggregate>false</isAggregate>
			<isCollapsed>false</isCollapsed>
			<payload>30000</payload>
			<maxLatency>3600</maxLatency>
			<xCoord>552.0</xCoord>
			<yCoord>1513.0</yCoord>
			<lat>51.041393898126366</lat>
			<long>-105.380859375</long>
			<name>resmeter_11</name>
			<endPoints>
				<endPoint>56</endPoint>
			</endPoints>
		</node>
		<node>
			<id>44</id>
			<type>4576de98-9fa1-4bc6-90d3-32edb265551f</type>
			<enableDataSending>true</enableDataSending>
			<enableDataPassThrough>false</enableDataPassThrough>
			<isAggregate>false</isAggregate>
			<isCollapsed>false</isCollapsed>
			<payload>30700</payload>
			<maxLatency>900</maxLatency>
			<xCoord>552.0</xCoord>
			<yCoord>2413.0</yCoord>
			<lat>50.092393210938795</lat>
			<long>-113.37890625</long>
			<name>polymeter_24</name>
			<endPoints>
				<endPoint>56</endPoint>
			</endPoints>
		</node>
	</Nodes>
	<Edges>
		<edge id="25" source="25" target="52">
			<capacity>3.0</capacity>
		</edge>
		<edge id="40" source="40" target="54">
			<capacity>3.0</capacity>
		</edge>
		<edge id="50" source="50" target="55">
			<capacity>3.5</capacity>
		</edge>
		<edge id="15" source="15" target="51">
			<capacity>3.0</capacity>
		</edge>
		<edge id="12" source="12" target="51">
			<capacity>3.0</capacity>
		</edge>
		<edge id="30" source="30" target="53">
			<capacity>3.0</capacity>
		</edge>
		<edge id="11" source="11" target="51">
			<capacity>3.0</capacity>
		</edge>
		<edge id="47" source="47" target="54">
			<capacity>3.0</capacity>
		</edge>
		<edge id="6" source="6" target="50">
			<capacity>3.0</capacity>
		</edge>
		<edge id="28" source="28" target="52">
			<capacity>3.0</capacity>
		</edge>
		<edge id="21" source="21" target="52">
			<capacity>3.0</capacity>
		</edge>
		<edge id="17" source="17" target="51">
			<capacity>3.0</capacity>
		</edge>
		<edge id="34" source="34" target="53">
			<capacity>3.0</capacity>
		</edge>
		<edge id="19" source="19" target="51">
			<capacity>3.0</capacity>
		</edge>
		<edge id="53" source="53" target="55">
			<capacity>3.5</capacity>
		</edge>
		<edge id="46" source="46" target="54">
			<capacity>3.0</capacity>
		</edge>
		<edge id="9" source="9" target="50">
			<capacity>3.0</capacity>
		</edge>
		<edge id="38" source="38" target="53">
			<capacity>3.0</capacity>
		</edge>
		<edge id="31" source="31" target="53">
			<capacity>3.0</capacity>
		</edge>
		<edge id="49" source="49" target="54">
			<capacity>3.0</capacity>
		</edge>
		<edge id="24" source="24" target="52">
			<capacity>3.0</capacity>
		</edge>
		<edge id="4" source="4" target="50">
			<capacity>3.0</capacity>
		</edge>
		<edge id="3" source="3" target="50">
			<capacity>3.0</capacity>
		</edge>
		<edge id="1" source="1" target="50">
			<capacity>3.0</capacity>
		</edge>
		<edge id="2" source="2" target="50">
			<capacity>3.0</capacity>
		</edge>
		<edge id="20" source="20" target="52">
			<capacity>3.0</capacity>
		</edge>
		<edge id="45" source="45" target="54">
			<capacity>3.0</capacity>
		</edge>
		<edge id="14" source="14" target="51">
			<capacity>3.0</capacity>
		</edge>
		<edge id="27" source="27" target="52">
			<capacity>3.0</capacity>
		</edge>
		<edge id="8" source="8" target="50">
			<capacity>3.0</capacity>
		</edge>
		<edge id="33" source="33" target="53">
			<capacity>3.0</capacity>
		</edge>
		<edge id="10" source="10" target="51">
			<capacity>3.0</capacity>
		</edge>
		<edge id="23" source="23" target="52">
			<capacity>3.0</capacity>
		</edge>
		<edge id="35" source="35" target="53">
			<capacity>3.0</capacity>
		</edge>
		<edge id="54" source="54" target="55">
			<capacity>9.0</capacity>
		</edge>
		<edge id="36" source="36" target="53">
			<capacity>3.0</capacity>
		</edge>
		<edge id="41" source="41" target="54">
			<capacity>3.0</capacity>
		</edge>
		<edge id="22" source="22" target="52">
			<capacity>3.0</capacity>
		</edge>
		<edge id="0" source="0" target="50">
			<capacity>3.0</capacity>
		</edge>
		<edge id="39" source="39" target="53">
			<capacity>3.0</capacity>
		</edge>
		<edge id="7" source="7" target="50">
			<capacity>3.0</capacity>
		</edge>
		<edge id="48" source="48" target="54">
			<capacity>3.0</capacity>
		</edge>
		<edge id="18" source="18" target="51">
			<capacity>3.0</capacity>
		</edge>
		<edge id="29" source="29" target="52">
			<capacity>3.0</capacity>
		</edge>
		<edge id="32" source="32" target="53">
			<capacity>3.0</capacity>
		</edge>
		<edge id="16" source="16" target="51">
			<capacity>3.0</capacity>
		</edge>
		<edge id="52" source="52" target="55">
			<capacity>3.5</capacity>
		</edge>
		<edge id="51" source="51" target="55">
			<capacity>3.5</capacity>
		</edge>
		<edge id="43" source="43" target="54">
			<capacity>3.0</capacity>
		</edge>
		<edge id="44" source="44" target="54">
			<capacity>3.0</capacity>
		</edge>
		<edge id="13" source="13" target="51">
			<capacity>3.0</capacity>
		</edge>
		<edge id="42" source="42" target="54">
			<capacity>3.0</capacity>
		</edge>
		<edge id="26" source="26" target="52">
			<capacity>3.0</capacity>
		</edge>
		<edge id="5" source="5" target="50">
			<capacity>3.0</capacity>
		</edge>
		<edge id="37" source="37" target="53">
			<capacity>3.0</capacity>
		</edge>
		<edge id="55" source="55" target="56">
			<capacity>17.0</capacity>
		</edge>
	</Edges>
</Gen>